<?xml version="1.0" encoding="UTF-8"?>
<!-- Generated by org.testng.reporters.JUnitReportReporter -->
<testsuite skipped="0" hostname="XIPL0428" name="com.qa.test.GetAPITest" tests="1" failures="0" timestamp="20 Feb 2019 12:39:52 GMT" time="1.400" errors="0">
  <testcase name="getAPITestWithoutheader" time="1.400" classname="com.qa.test.GetAPITest"/>
</testsuite> <!-- com.qa.test.GetAPITest -->
